<?xml version="1.0" encoding="UTF-8"?>
<testng-results ignored="0" total="3" passed="3" failed="0" skipped="0">
  <reporter-output>
  </reporter-output>
  <suite started-at="2024-10-12T20:23:41 IST" name="Suite" finished-at="2024-10-12T20:23:41 IST" duration-ms="54">
    <groups>
    </groups>
    <test started-at="2024-10-12T20:23:41 IST" name="Test" finished-at="2024-10-12T20:23:41 IST" duration-ms="54">
      <class name="demo.demo1">
        <test-method signature="data(java.lang.String,java.lang.String)[pri:0, instance:demo.demo1@6af93788]" started-at="2024-10-12T20:23:41 IST" name="data" data-provider="getdata" finished-at="2024-10-12T20:23:41 IST" duration-ms="10" status="PASS">
          <params>
            <param index="0">
              <value>
                <![CDATA[us1]]>
              </value>
            </param>
            <param index="1">
              <value>
                <![CDATA[ps1]]>
              </value>
            </param>
          </params>
          <reporter-output>
          </reporter-output>
        </test-method> <!-- data -->
        <test-method signature="data(java.lang.String,java.lang.String)[pri:0, instance:demo.demo1@6af93788]" started-at="2024-10-12T20:23:41 IST" name="data" data-provider="getdata" finished-at="2024-10-12T20:23:41 IST" duration-ms="0" status="PASS">
          <params>
            <param index="0">
              <value>
                <![CDATA[us2]]>
              </value>
            </param>
            <param index="1">
              <value>
                <![CDATA[ps2]]>
              </value>
            </param>
          </params>
          <reporter-output>
          </reporter-output>
        </test-method> <!-- data -->
        <test-method signature="hello()[pri:0, instance:demo.demo1@6af93788]" started-at="2024-10-12T20:23:41 IST" name="hello" finished-at="2024-10-12T20:23:41 IST" duration-ms="2" status="PASS">
          <reporter-output>
          </reporter-output>
        </test-method> <!-- hello -->
      </class> <!-- demo.demo1 -->
    </test> <!-- Test -->
  </suite> <!-- Suite -->
</testng-results>
