<?xml version="1.0" encoding="UTF-8"?>
<!-- Generated by org.testng.reporters.JUnitXMLReporter -->
<testsuite ignored="0" hostname="DESKTOP-HLONFUV" failures="1" tests="2" name="Erroralidation" time="7.46" errors="0" timestamp="2024-11-25T16:08:01 IST">
  <testcase classname="testgroup.testpackage.Errorvalidation" name="invalidFormat" time="0.3">
    <failure type="java.lang.AssertionError" message="expected [*Enter Valid Email] but found [*Enter Valid Emai]">
      <![CDATA[java.lang.AssertionError: expected [*Enter Valid Email] but found [*Enter Valid Emai]
at testgroup.testpackage.Errorvalidation.invalidFormat(Errorvalidation.java:21)
at java.base/java.util.ArrayList.forEach(ArrayList.java:1596)
at java.base/java.util.concurrent.FutureTask.run(FutureTask.java:317)
at java.base/java.util.concurrent.ThreadPoolExecutor.runWorker(ThreadPoolExecutor.java:1144)
at java.base/java.util.concurrent.ThreadPoolExecutor$Worker.run(ThreadPoolExecutor.java:642)
at java.base/java.lang.Thread.run(Thread.java:1583)
... Removed 22 stack frames]]>
    </failure>
  </testcase> <!-- invalidFormat -->
  <testcase classname="testgroup.testpackage.Errorvalidation" name="wrongCreds" time="1.336"/>
</testsuite> <!-- Erroralidation -->
