<?xml version="1.0" encoding="UTF-8"?>
<!-- Generated by org.testng.reporters.JUnitXMLReporter -->
<testsuite ignored="0" hostname="DESKTOP-HLONFUV" failures="0" tests="4" name="OrderCheck" time="25.125" errors="0" timestamp="2024-11-25T16:08:19 IST">
  <testcase classname="testgroup.testpackage.total" name="placeOrder" time="7.48"/>
  <testcase classname="testgroup.testpackage.total" name="placeOrder" time="7.313"/>
  <testcase classname="testgroup.testpackage.total" name="checkOrderHistory" time="0.654"/>
  <testcase classname="testgroup.testpackage.total" name="checkOrderHistory" time="0.631"/>
</testsuite> <!-- OrderCheck -->
