<?xml version="1.0" encoding="UTF-8"?>
<!-- Generated by org.testng.reporters.JUnitXMLReporter -->
<testsuite ignored="2" hostname="DESKTOP-HLONFUV" failures="1" tests="2" name="Test" time="29.234" errors="0" timestamp="2024-12-10T19:43:51 IST">
  <testcase classname="testgroup.testpackage.Errorvalidation" name="invalidFormat" time="1.012">
    <failure type="java.lang.AssertionError" message="expected [*Enter Valid Email] but found [*Enter Valid Emai]">
      <![CDATA[java.lang.AssertionError: expected [*Enter Valid Email] but found [*Enter Valid Emai]
at testgroup.testpackage.Errorvalidation.invalidFormat(Errorvalidation.java:21)
at java.base/java.util.ArrayList.forEach(ArrayList.java:1596)
... Removed 31 stack frames]]>
    </failure>
  </testcase> <!-- invalidFormat -->
  <testcase classname="testgroup.testpackage.Errorvalidation" name="wrongCreds" time="1.909"/>
  <testcase classname="testgroup.testpackage.total" name="placeOrder" time="0.0">
    <ignored/>
  </testcase> <!-- placeOrder -->
  <testcase classname="testgroup.testpackage.total" name="checkOrderHistory" time="0.0">
    <ignored/>
  </testcase> <!-- checkOrderHistory -->
</testsuite> <!-- Test -->
