<?xml version="1.0" encoding="UTF-8"?>
<!-- Generated by org.testng.reporters.JUnitXMLReporter -->
<testsuite ignored="0" hostname="DESKTOP-HLONFUV" failures="0" tests="4" name="Default test" time="33.64" errors="0" timestamp="2024-11-21T23:56:29 IST">
  <testcase classname="testgroup.testpackage.total" name="placeOrder" time="7.468"/>
  <testcase classname="testgroup.testpackage.total" name="placeOrder" time="7.282"/>
  <testcase classname="testgroup.testpackage.total" name="checkOrderHistory" time="0.688"/>
  <testcase classname="testgroup.testpackage.total" name="checkOrderHistory" time="0.667"/>
</testsuite> <!-- Default test -->
