<?xml version="1.0" encoding="UTF-8"?>
<!-- Generated by org.testng.reporters.JUnitXMLReporter -->
<testsuite ignored="0" hostname="DESKTOP-HLONFUV" failures="0" tests="4" name="TestNG" time="0.196" errors="0" timestamp="2024-10-12T15:26:09 IST">
  <testcase classname="demo.demo2" name="param" time="0.031"/>
  <testcase classname="demo.demo2" name="stat1" time="0.004"/>
  <testcase classname="demo.demo2" name="stat9" time="0.004"/>
  <testcase classname="demo.demo2" name="a" time="0.004"/>
</testsuite> <!-- TestNG -->
