<?xml version="1.0" encoding="UTF-8"?>
<!-- Generated by org.testng.reporters.JUnitXMLReporter -->
<testsuite ignored="3" hostname="DESKTOP-HLONFUV" failures="0" tests="0" time="0.002" errors="0" timestamp="2024-10-11T16:12:21 IST">
  <testcase classname="demo.demo2" name="stat2" time="0.0">
    <ignored/>
  </testcase> <!-- stat2 -->
  <testcase classname="demo.demo2" name="stat1" time="0.0">
    <ignored/>
  </testcase> <!-- stat1 -->
  <testcase classname="demo.demo2" name="stat3" time="0.0">
    <ignored/>
  </testcase> <!-- stat3 -->
</testsuite>
